0 info it worked if it ends with ok
1 verbose cli [ 'C:\\Program Files\\nodejs\\node.exe',
1 verbose cli   'C:\\Program Files\\nodejs\\node_modules\\npm\\bin\\npm-cli.js',
1 verbose cli   'run',
1 verbose cli   'lint' ]
2 info using npm@3.10.8
3 info using node@v4.4.7
4 verbose run-script [ 'prelint', 'lint', 'postlint' ]
5 info lifecycle JosephLePortfolioSite@2.0.0~prelint: JosephLePortfolioSite@2.0.0
6 silly lifecycle JosephLePortfolioSite@2.0.0~prelint: no script for prelint, continuing
7 info lifecycle JosephLePortfolioSite@2.0.0~lint: JosephLePortfolioSite@2.0.0
8 verbose lifecycle JosephLePortfolioSite@2.0.0~lint: unsafe-perm in lifecycle true
9 verbose lifecycle JosephLePortfolioSite@2.0.0~lint: PATH: C:\Program Files\nodejs\node_modules\npm\bin\node-gyp-bin;D:\gitRepos\Josephle.xyz\node_modules\.bin;C:\Program Files (x86)\NVIDIA Corporation\PhysX\Common;C:\ProgramData\Oracle\Java\javapath;C:\WINDOWS\system32;C:\WINDOWS;C:\WINDOWS\System32\Wbem;C:\WINDOWS\System32\WindowsPowerShell\v1.0\;C:\Program Files (x86)\Skype\Phone\;D:\HashiCorp\Vagrant\bin;C:\Program Files (x86)\Windows Live\Shared;D:\Downloads\MPEG_Streamclip_1.2\QTSystem\;C:\Program Files\nodejs\;C:\Program Files\Git\cmd;C:\Program Files\Git\mingw64\bin;C:\Program Files\Git\usr\bin;C:\Users\ju5t_\AppData\Local\Programs\Python\Python35-32;C:\Program Files\Java\jdk1.8.0_74\bin;C:\Users\ju5t_\AppData\Roaming\npm;C:\Users\ju5t_\.lein\bin;%USERPROFILE%\AppData\Local\Microsoft\WindowsApps;
10 verbose lifecycle JosephLePortfolioSite@2.0.0~lint: CWD: D:\gitRepos\Josephle.xyz
11 silly lifecycle JosephLePortfolioSite@2.0.0~lint: Args: [ '/d /s /c', 'cd src/js && ls -1 | xargs eslint && cd ../../' ]
12 silly lifecycle JosephLePortfolioSite@2.0.0~lint: Returned: code: 123  signal: null
13 info lifecycle JosephLePortfolioSite@2.0.0~lint: Failed to exec lint script
14 verbose stack Error: JosephLePortfolioSite@2.0.0 lint: `cd src/js && ls -1 | xargs eslint && cd ../../`
14 verbose stack Exit status 123
14 verbose stack     at EventEmitter.<anonymous> (C:\Program Files\nodejs\node_modules\npm\lib\utils\lifecycle.js:255:16)
14 verbose stack     at emitTwo (events.js:87:13)
14 verbose stack     at EventEmitter.emit (events.js:172:7)
14 verbose stack     at ChildProcess.<anonymous> (C:\Program Files\nodejs\node_modules\npm\lib\utils\spawn.js:40:14)
14 verbose stack     at emitTwo (events.js:87:13)
14 verbose stack     at ChildProcess.emit (events.js:172:7)
14 verbose stack     at maybeClose (internal/child_process.js:827:16)
14 verbose stack     at Process.ChildProcess._handle.onexit (internal/child_process.js:211:5)
15 verbose pkgid JosephLePortfolioSite@2.0.0
16 verbose cwd D:\gitRepos\Josephle.xyz
17 error Windows_NT 10.0.14393
18 error argv "C:\\Program Files\\nodejs\\node.exe" "C:\\Program Files\\nodejs\\node_modules\\npm\\bin\\npm-cli.js" "run" "lint"
19 error node v4.4.7
20 error npm  v3.10.8
21 error code ELIFECYCLE
22 error JosephLePortfolioSite@2.0.0 lint: `cd src/js && ls -1 | xargs eslint && cd ../../`
22 error Exit status 123
23 error Failed at the JosephLePortfolioSite@2.0.0 lint script 'cd src/js && ls -1 | xargs eslint && cd ../../'.
23 error Make sure you have the latest version of node.js and npm installed.
23 error If you do, this is most likely a problem with the JosephLePortfolioSite package,
23 error not with npm itself.
23 error Tell the author that this fails on your system:
23 error     cd src/js && ls -1 | xargs eslint && cd ../../
23 error You can get information on how to open an issue for this project with:
23 error     npm bugs JosephLePortfolioSite
23 error Or if that isn't available, you can get their info via:
23 error     npm owner ls JosephLePortfolioSite
23 error There is likely additional logging output above.
24 verbose exit [ 1, true ]
